[35m[1mScanning dependencies of target _flapper_generate_messages_check_deps_Stabilizer[0m
[35m[1mScanning dependencies of target _flapper_generate_messages_check_deps_Rpm[0m
[  0%] Built target geometry_msgs_generate_messages_py
[  0%] Built target std_msgs_generate_messages_py
[  0%] Built target std_msgs_generate_messages_cpp
[  0%] Built target geometry_msgs_generate_messages_cpp
[  0%] Built target geometry_msgs_generate_messages_lisp
[  0%] Built target std_msgs_generate_messages_lisp
[  0%] Built target std_msgs_generate_messages_eus
[  0%] Built target geometry_msgs_generate_messages_eus
[  0%] Built target geometry_msgs_generate_messages_nodejs
[  0%] Built target std_msgs_generate_messages_nodejs
[  0%] Built target _flapper_generate_messages_check_deps_Stabilizer
[  0%] Built target _flapper_generate_messages_check_deps_Rpm
[  8%] [34m[1mGenerating C++ code from flapper/Stabilizer.msg[0m
[ 16%] [34m[1mGenerating C++ code from flapper/Rpm.msg[0m
[ 25%] [34m[1mGenerating Python from MSG flapper/Rpm[0m
[ 33%] [34m[1mGenerating Python from MSG flapper/Stabilizer[0m
[ 41%] [34m[1mGenerating EusLisp code from flapper/Stabilizer.msg[0m
[ 50%] [34m[1mGenerating Lisp code from flapper/Stabilizer.msg[0m
[ 58%] [34m[1mGenerating Lisp code from flapper/Rpm.msg[0m
[ 66%] [34m[1mGenerating Javascript code from flapper/Stabilizer.msg[0m
[ 83%] [34m[1mGenerating Javascript code from flapper/Rpm.msg[0m
[ 83%] [34m[1mGenerating EusLisp code from flapper/Rpm.msg[0m
[ 83%] Built target flapper_generate_messages_lisp
[ 91%] [34m[1mGenerating Python msg __init__.py for flapper[0m
[ 91%] Built target flapper_generate_messages_cpp
[ 91%] Built target flapper_generate_messages_nodejs
[100%] Built target flapper_generate_messages_eus
[100%] Built target flapper_generate_messages_py
[100%] Built target flapper_generate_messages
