Linked: (/home/mech-user/flapper_ws/devel/.private/flapper/share/gennodejs/ros/flapper/_index.js, /home/mech-user/flapper_ws/devel/share/gennodejs/ros/flapper/_index.js)
Symlinking /home/mech-user/flapper_ws/devel/share/gennodejs/ros/flapper/msg/Stabilizer.js
Linked: (/home/mech-user/flapper_ws/devel/.private/flapper/share/gennodejs/ros/flapper/msg/Action.js, /home/mech-user/flapper_ws/devel/share/gennodejs/ros/flapper/msg/Action.js)
Linked: (/home/mech-user/flapper_ws/devel/.private/flapper/share/gennodejs/ros/flapper/msg/_index.js, /home/mech-user/flapper_ws/devel/share/gennodejs/ros/flapper/msg/_index.js)
Symlinking /home/mech-user/flapper_ws/devel/share/gennodejs/ros/flapper/msg/Rpm.js
Linked: (/home/mech-user/flapper_ws/devel/.private/flapper/share/roseus/ros/flapper/manifest.l, /home/mech-user/flapper_ws/devel/share/roseus/ros/flapper/manifest.l)
Symlinking /home/mech-user/flapper_ws/devel/share/roseus/ros/flapper/msg/Stabilizer.l
Linked: (/home/mech-user/flapper_ws/devel/.private/flapper/share/roseus/ros/flapper/msg/Action.l, /home/mech-user/flapper_ws/devel/share/roseus/ros/flapper/msg/Action.l)
Symlinking /home/mech-user/flapper_ws/devel/share/roseus/ros/flapper/msg/Rpm.l
Linked: (/home/mech-user/flapper_ws/devel/.private/flapper/share/flapper/cmake/flapperConfig.cmake, /home/mech-user/flapper_ws/devel/share/flapper/cmake/flapperConfig.cmake)
Linked: (/home/mech-user/flapper_ws/devel/.private/flapper/share/flapper/cmake/flapper-msg-extras.cmake, /home/mech-user/flapper_ws/devel/share/flapper/cmake/flapper-msg-extras.cmake)
Linked: (/home/mech-user/flapper_ws/devel/.private/flapper/share/flapper/cmake/flapper-msg-paths.cmake, /home/mech-user/flapper_ws/devel/share/flapper/cmake/flapper-msg-paths.cmake)
Linked: (/home/mech-user/flapper_ws/devel/.private/flapper/share/flapper/cmake/flapperConfig-version.cmake, /home/mech-user/flapper_ws/devel/share/flapper/cmake/flapperConfig-version.cmake)
Linked: (/home/mech-user/flapper_ws/devel/.private/flapper/share/common-lisp/ros/flapper/msg/_package.lisp, /home/mech-user/flapper_ws/devel/share/common-lisp/ros/flapper/msg/_package.lisp)
Symlinking /home/mech-user/flapper_ws/devel/share/common-lisp/ros/flapper/msg/_package_Rpm.lisp
Symlinking /home/mech-user/flapper_ws/devel/share/common-lisp/ros/flapper/msg/Stabilizer.lisp
Linked: (/home/mech-user/flapper_ws/devel/.private/flapper/share/common-lisp/ros/flapper/msg/Action.lisp, /home/mech-user/flapper_ws/devel/share/common-lisp/ros/flapper/msg/Action.lisp)
Symlinking /home/mech-user/flapper_ws/devel/share/common-lisp/ros/flapper/msg/Rpm.lisp
Symlinking /home/mech-user/flapper_ws/devel/share/common-lisp/ros/flapper/msg/_package_Stabilizer.lisp
Linked: (/home/mech-user/flapper_ws/devel/.private/flapper/share/common-lisp/ros/flapper/msg/flapper-msg.asd, /home/mech-user/flapper_ws/devel/share/common-lisp/ros/flapper/msg/flapper-msg.asd)
Linked: (/home/mech-user/flapper_ws/devel/.private/flapper/share/common-lisp/ros/flapper/msg/_package_Action.lisp, /home/mech-user/flapper_ws/devel/share/common-lisp/ros/flapper/msg/_package_Action.lisp)
Linked: (/home/mech-user/flapper_ws/devel/.private/flapper/lib/pkgconfig/flapper.pc, /home/mech-user/flapper_ws/devel/lib/pkgconfig/flapper.pc)
Linked: (/home/mech-user/flapper_ws/devel/.private/flapper/lib/python3/dist-packages/flapper/__init__.py, /home/mech-user/flapper_ws/devel/lib/python3/dist-packages/flapper/__init__.py)
Symlinking /home/mech-user/flapper_ws/devel/lib/python3/dist-packages/flapper/msg/_Stabilizer.py
Linked: (/home/mech-user/flapper_ws/devel/.private/flapper/lib/python3/dist-packages/flapper/msg/__init__.py, /home/mech-user/flapper_ws/devel/lib/python3/dist-packages/flapper/msg/__init__.py)
Linked: (/home/mech-user/flapper_ws/devel/.private/flapper/lib/python3/dist-packages/flapper/msg/_Action.py, /home/mech-user/flapper_ws/devel/lib/python3/dist-packages/flapper/msg/_Action.py)
Symlinking /home/mech-user/flapper_ws/devel/lib/python3/dist-packages/flapper/msg/_Rpm.py
Symlinking /home/mech-user/flapper_ws/devel/include/flapper/Rpm.h
Linked: (/home/mech-user/flapper_ws/devel/.private/flapper/include/flapper/Action.h, /home/mech-user/flapper_ws/devel/include/flapper/Action.h)
Symlinking /home/mech-user/flapper_ws/devel/include/flapper/Stabilizer.h
